This is e-pTeX, Version 3.141592653-p3.9.0-210218-2.6 (utf8.sjis) (TeX Live 2021/W32TeX) (preloaded format=platex 2021.11.24)  4 FEB 2022 18:27
entering extended mode
 restricted \write18 enabled.
 Source specials enabled.
 %&-line parsing enabled.
**Bthetis.tex
(./Bthetis.tex
pLaTeX2e <2021-06-01>+2 (based on LaTeX2e <2021-11-15>)
L3 programming layer <2021-11-22>
(c:/texlive/2021/texmf-dist/tex/platex/jsclasses/jsbook.cls
Document Class: jsbook 2021/06/28 jsclasses (okumura, texjporg)
\jsc@mpt=\dimen154
\jsc@mmm=\dimen155
\jsc@smallskipamount=\skip47
LaTeX Info: Redefining \textmc on input line 502.
LaTeX Info: Redefining \textgt on input line 504.
\symmincho=\mathgroup4
LaTeX Font Info:    Overwriting symbol font `mincho' in version `bold'
(Font)                  JY1/mc/m/n --> JY1/gt/m/n on input line 566.
LaTeX Font Info:    Font shape `JT1/mc/m/n' will be
(Font)              scaled to size 9.60999pt on input line 760.
LaTeX Font Info:    Font shape `JY1/mc/m/n' will be
(Font)              scaled to size 9.60999pt on input line 760.
\fullwidth=\dimen156
LaTeX Font Info:    Font shape `JT1/mc/m/n' will be
(Font)              scaled to size 7.68799pt on input line 921.
LaTeX Font Info:    Font shape `JY1/mc/m/n' will be
(Font)              scaled to size 7.68799pt on input line 921.
\c@part=\count182
\c@chapter=\count183
\c@section=\count184
\c@subsection=\count185
\c@subsubsection=\count186
\c@paragraph=\count187
\c@subparagraph=\count188
\c@figure=\count189
\c@table=\count190
\abovecaptionskip=\skip48
\belowcaptionskip=\skip49
\jsc@tocl@width=\dimen157
\@lnumwidth=\dimen158
\bibindent=\dimen159
(c:/texlive/2021/texmf-dist/tex/platex/jsclasses/jslogo.sty
Package: jslogo 2019/07/25 okumura, texjporg
LaTeX Info: Redefining \TeX on input line 82.
LaTeX Info: Redefining \LaTeX on input line 135.
LaTeX Info: Redefining \LaTeXe on input line 188.
)
\heisei=\count191
)
(c:/texlive/2021/texmf-dist/tex/latex/base/inputenc.sty
Package: inputenc 2021/02/14 v1.3d Input encoding file
\inpenc@prehook=\toks17
\inpenc@posthook=\toks18
) (./setting/setting.tex (c:/texlive/2021/texmf-dist/tex/latex/graphics/graphic
x.sty
Package: graphicx 2021/09/16 v1.2d Enhanced LaTeX Graphics (DPC,SPQR)

(c:/texlive/2021/texmf-dist/tex/latex/graphics/keyval.sty
Package: keyval 2014/10/28 v1.15 key=value parser (DPC)
\KV@toks@=\toks19
)
(c:/texlive/2021/texmf-dist/tex/latex/graphics/graphics.sty
Package: graphics 2021/03/04 v1.4d Standard LaTeX Graphics (DPC,SPQR)

(c:/texlive/2021/texmf-dist/tex/latex/graphics/trig.sty
Package: trig 2021/08/11 v1.11 sin cos tan (DPC)
)
(c:/texlive/2021/texmf-dist/tex/latex/graphics-cfg/graphics.cfg
File: graphics.cfg 2016/06/04 v1.11 sample graphics configuration
)
Package graphics Info: Driver file: dvipdfmx.def on input line 107.

(c:/texlive/2021/texmf-dist/tex/latex/graphics-def/dvipdfmx.def
File: dvipdfmx.def 2021/03/18 v5.0j Graphics/color driver for dvipdfmx
))
\Gin@req@height=\dimen160
\Gin@req@width=\dimen161
)
(c:/texlive/2021/texmf-dist/tex/latex/wrapfig/wrapfig.sty
\wrapoverhang=\dimen162
\WF@size=\dimen163
\c@WF@wrappedlines=\count192
\WF@box=\box67
\WF@everypar=\toks20
Package: wrapfig 2003/01/31  v 3.6
)
(c:/texlive/2021/texmf-dist/tex/latex/amsmath/amsmath.sty
Package: amsmath 2021/10/15 v2.17l AMS math features
\@mathmargin=\skip50

For additional information on amsmath, use the `?' option.
(c:/texlive/2021/texmf-dist/tex/latex/amsmath/amstext.sty
Package: amstext 2021/08/26 v2.01 AMS text

(c:/texlive/2021/texmf-dist/tex/latex/amsmath/amsgen.sty
File: amsgen.sty 1999/11/30 v2.0 generic functions
\@emptytoks=\toks21
\ex@=\dimen164
))
(c:/texlive/2021/texmf-dist/tex/latex/amsmath/amsbsy.sty
Package: amsbsy 1999/11/29 v1.2d Bold Symbols
\pmbraise@=\dimen165
)
(c:/texlive/2021/texmf-dist/tex/latex/amsmath/amsopn.sty
Package: amsopn 2021/08/26 v2.02 operator names
)
\inf@bad=\count193
LaTeX Info: Redefining \frac on input line 234.
\uproot@=\count194
\leftroot@=\count195
LaTeX Info: Redefining \overline on input line 399.
\classnum@=\count196
\DOTSCASE@=\count197
LaTeX Info: Redefining \ldots on input line 496.
LaTeX Info: Redefining \dots on input line 499.
LaTeX Info: Redefining \cdots on input line 620.
\Mathstrutbox@=\box68
\strutbox@=\box69
\big@size=\dimen166
LaTeX Font Info:    Redeclaring font encoding OML on input line 743.
LaTeX Font Info:    Redeclaring font encoding OMS on input line 744.
\macc@depth=\count198
\c@MaxMatrixCols=\count199
\dotsspace@=\muskip16
\c@parentequation=\count266
\dspbrk@lvl=\count267
\tag@help=\toks22
\row@=\count268
\column@=\count269
\maxfields@=\count270
\andhelp@=\toks23
\eqnshift@=\dimen167
\alignsep@=\dimen168
\tagshift@=\dimen169
\tagwidth@=\dimen170
\totwidth@=\dimen171
\lineht@=\dimen172
\@envbody=\toks24
\multlinegap=\skip51
\multlinetaggap=\skip52
\mathdisplay@stack=\toks25
LaTeX Info: Redefining \[ on input line 2938.
LaTeX Info: Redefining \] on input line 2939.
)
(c:/texlive/2021/texmf-dist/tex/latex/geometry/geometry.sty
Package: geometry 2020/01/02 v5.9 Page Geometry

(c:/texlive/2021/texmf-dist/tex/generic/iftex/ifvtex.sty
Package: ifvtex 2019/10/25 v1.7 ifvtex legacy package. Use iftex instead.

(c:/texlive/2021/texmf-dist/tex/generic/iftex/iftex.sty
Package: iftex 2020/03/06 v1.0d TeX engine tests
))
\Gm@cnth=\count271
\Gm@cntv=\count272
\c@Gm@tempcnt=\count273
\Gm@bindingoffset=\dimen173
\Gm@wd@mp=\dimen174
\Gm@odd@mp=\dimen175
\Gm@even@mp=\dimen176
\Gm@layoutwidth=\dimen177
\Gm@layoutheight=\dimen178
\Gm@layouthoffset=\dimen179
\Gm@layoutvoffset=\dimen180
\Gm@dimlist=\toks26
)
(c:/texlive/2021/texmf-dist/tex/latex/comment/comment.sty
\CommentStream=\write3

Excluding comment 'comment') (c:/texlive/2021/texmf-dist/tex/latex/tools/bm.sty
Package: bm 2021/04/25 v1.2e Bold Symbol Support (DPC/FMi)
\symboldoperators=\mathgroup5
\symboldletters=\mathgroup6
\symboldsymbols=\mathgroup7
Package bm Info: No bold for \OMX/cmex/m/n, using \pmb.
\symboldmincho=\mathgroup8
LaTeX Font Info:    Redeclaring math alphabet \mathbf on input line 149.
)) (c:/texlive/2021/texmf-dist/tex/latex/l3backend/l3backend-dvips.def
File: l3backend-dvips.def 2021-10-18 L3 backend support: dvips
\l__pdf_internal_box=\box70
\g__pdf_backend_object_int=\count274
\l__pdf_backend_content_box=\box71
\l__pdf_backend_model_box=\box72
\g__pdf_backend_annotation_int=\count275
\g__pdf_backend_link_int=\count276
\g__pdf_backend_link_sf_int=\count277
)
(./Bthetis.aux (./titlepage/titlepage.aux) (./intro/introduction.aux)
(./theory/theory.aux) (./experimental_setup/experimental_setup.aux)
(./simulation/simulation.aux) (./methods/methods.aux) (./results/results.aux))
\openout1 = `Bthetis.aux'.

LaTeX Font Info:    Checking defaults for OML/cmm/m/it on input line 8.
LaTeX Font Info:    ... okay on input line 8.
LaTeX Font Info:    Checking defaults for OMS/cmsy/m/n on input line 8.
LaTeX Font Info:    ... okay on input line 8.
LaTeX Font Info:    Checking defaults for OT1/cmr/m/n on input line 8.
LaTeX Font Info:    ... okay on input line 8.
LaTeX Font Info:    Checking defaults for T1/cmr/m/n on input line 8.
LaTeX Font Info:    ... okay on input line 8.
LaTeX Font Info:    Checking defaults for TS1/cmr/m/n on input line 8.
LaTeX Font Info:    ... okay on input line 8.
LaTeX Font Info:    Checking defaults for OMX/cmex/m/n on input line 8.
LaTeX Font Info:    ... okay on input line 8.
LaTeX Font Info:    Checking defaults for U/cmr/m/n on input line 8.
LaTeX Font Info:    ... okay on input line 8.
LaTeX Font Info:    Checking defaults for JY1/mc/m/n on input line 8.
LaTeX Font Info:    ... okay on input line 8.
LaTeX Font Info:    Checking defaults for JT1/mc/m/n on input line 8.
LaTeX Font Info:    ... okay on input line 8.

*geometry* driver: auto-detecting
*geometry* detected driver: dvips
*geometry* verbose mode - [ preamble ] result:
* driver: dvips
* paper: a4paper
* layout: <same size as paper>
* layoutoffset:(h,v)=(0.0pt,0.0pt)
* modes: twoside 
* h-part:(L,W,R)=(82.49913pt, 432.50961pt, 82.49913pt)
* v-part:(T,H,B)=(82.49913pt, 680.04858pt, 82.49913pt)
* \paperwidth=654.26651pt
* \paperheight=925.30975pt
* \textwidth=432.50961pt
* \textheight=680.04858pt
* \oddsidemargin=10.22914pt
* \evensidemargin=10.22914pt
* \topmargin=-24.0817pt
* \headheight=20.0pt
* \headsep=14.31084pt
* \topskip=12.76073pt
* \footskip=0.0pt
* \marginparwidth=64.7281pt
* \marginparsep=18.49374pt
* \columnsep=18.49374pt
* \skip\footins=16.0pt plus 5.0pt minus 2.0pt
* \hoffset=6.27573pt
* \voffset=6.27573pt
* \mag=1095
* \@twocolumnfalse
* \@twosidetrue
* \@mparswitchtrue
* \@reversemarginfalse
* (1in=72.27pt=25.4mm, 1cm=28.453pt)

\openout2 = `./titlepage/titlepage.aux'.

(./titlepage/titlepage.tex
LaTeX Font Info:    Font shape `JT1/mc/m/n' will be
(Font)              scaled to size 19.9311pt on input line 4.
LaTeX Font Info:    Font shape `JY1/mc/m/n' will be
(Font)              scaled to size 19.9311pt on input line 4.
LaTeX Font Info:    Font shape `JT1/mc/bx/n' in size <20.74> not available
(Font)              Font shape `JT1/gt/m/n' tried instead on input line 4.
LaTeX Font Info:    Font shape `JT1/gt/m/n' will be
(Font)              scaled to size 19.9311pt on input line 4.
LaTeX Font Info:    Font shape `JY1/mc/bx/n' in size <20.74> not available
(Font)              Font shape `JY1/gt/m/n' tried instead on input line 4.
LaTeX Font Info:    Font shape `JY1/gt/m/n' will be
(Font)              scaled to size 19.9311pt on input line 4.
LaTeX Font Info:    Font shape `JY1/mc/m/n' will be
(Font)              scaled to size 13.83836pt on input line 6.
LaTeX Font Info:    Font shape `JY1/mc/m/n' will be
(Font)              scaled to size 11.53198pt on input line 6.
LaTeX Font Info:    Font shape `JY1/gt/m/n' will be
(Font)              scaled to size 13.83836pt on input line 6.
LaTeX Font Info:    Font shape `JY1/gt/m/n' will be
(Font)              scaled to size 11.53198pt on input line 6.
 [1



]) [2



] (./abst/abst.tex
LaTeX Font Info:    Font shape `JT1/mc/m/n' will be
(Font)              scaled to size 23.90964pt on input line 1.
LaTeX Font Info:    Font shape `JY1/mc/m/n' will be
(Font)              scaled to size 23.90964pt on input line 1.
LaTeX Font Info:    Font shape `JT1/gt/m/n' will be
(Font)              scaled to size 23.90964pt on input line 1.
LaTeX Font Info:    Font shape `JY1/gt/m/n' will be
(Font)              scaled to size 23.90964pt on input line 1.
)
LaTeX Font Info:    Font shape `JT1/gt/m/n' will be
(Font)              scaled to size 9.60999pt on input line 18.
LaTeX Font Info:    Font shape `JY1/gt/m/n' will be
(Font)              scaled to size 9.60999pt on input line 18.
LaTeX Font Info:    Font shape `JT1/mc/bx/n' in size <10> not available
(Font)              Font shape `JT1/gt/m/n' tried instead on input line 18.
LaTeX Font Info:    Font shape `JT1/gt/m/n' will be
(Font)              scaled to size 9.60999pt on input line 18.
LaTeX Font Info:    Font shape `JY1/mc/bx/n' in size <10> not available
(Font)              Font shape `JY1/gt/m/n' tried instead on input line 18.
LaTeX Font Info:    Font shape `JY1/gt/m/n' will be
(Font)              scaled to size 9.60999pt on input line 18.
 [1

] (./Bthetis.toc
LaTeX Font Info:    Font shape `JY1/mc/m/n' will be
(Font)              scaled to size 6.72699pt on input line 4.
LaTeX Font Info:    Font shape `JY1/mc/m/n' will be
(Font)              scaled to size 4.805pt on input line 4.
LaTeX Font Info:    Font shape `JY1/gt/m/n' will be
(Font)              scaled to size 6.72699pt on input line 4.
LaTeX Font Info:    Font shape `JY1/gt/m/n' will be
(Font)              scaled to size 4.805pt on input line 4.

[2

])
\tf@toc=\write4
\openout4 = `Bthetis.toc'.

 [3] [4

]
\openout2 = `./intro/introduction.aux'.

 (./intro/introduction.tex
第1章
) [1


]
\openout2 = `./theory/theory.aux'.

 (./theory/theory.tex
第2章
LaTeX Font Info:    Font shape `JT1/mc/m/n' will be
(Font)              scaled to size 13.83836pt on input line 2.
LaTeX Font Info:    Font shape `JT1/gt/m/n' will be
(Font)              scaled to size 13.83836pt on input line 2.
LaTeX Font Info:    Font shape `JT1/mc/m/n' will be
(Font)              scaled to size 11.53198pt on input line 5.
LaTeX Font Info:    Font shape `JT1/gt/m/n' will be
(Font)              scaled to size 11.53198pt on input line 5.
LaTeX Font Info:    Font shape `JY1/mc/m/n' will be
(Font)              scaled to size 5.76599pt on input line 7.
LaTeX Font Info:    Font shape `JY1/gt/m/n' will be
(Font)              scaled to size 7.68799pt on input line 7.
LaTeX Font Info:    Font shape `JY1/gt/m/n' will be
(Font)              scaled to size 5.76599pt on input line 7.
File: ./theory/figure/PaulTrap_3Dto2D_3DTrap.png Graphic file (type bmp)
<./theory/figure/PaulTrap_3Dto2D_3DTrap.png>
File: ./theory/figure/PaulTrap_3Dto2D_2DTrap.png Graphic file (type bmp)
<./theory/figure/PaulTrap_3Dto2D_2DTrap.png>
LaTeX Font Info:    Font shape `JT1/mc/m/n' will be
(Font)              scaled to size 8.64899pt on input line 40.
LaTeX Font Info:    Font shape `JY1/mc/m/n' will be
(Font)              scaled to size 8.64899pt on input line 40.
[2




]
File: ./theory/figure/named_electrode.png Graphic file (type bmp)
<./theory/figure/named_electrode.png>
File: ./theory/figure/Potential_of_rect-electrode.png Graphic file (type bmp)
<./theory/figure/Potential_of_rect-electrode.png>
LaTeX Font Info:    Font shape `JY1/gt/m/n' will be
(Font)              scaled to size 8.64899pt on input line 55.


LaTeX Warning: `h' float specifier changed to `ht'.


Overfull \hbox (0.33577pt too wide) detected at line 62
[]
 []

[3]
File: ./theory/figure/5/image_0.jpg Graphic file (type bmp)
<./theory/figure/5/image_0.jpg>
File: ./theory/figure/5/image_1.jpg Graphic file (type bmp)
<./theory/figure/5/image_1.jpg>
File: ./theory/figure/5/image_2.jpg Graphic file (type bmp)
<./theory/figure/5/image_2.jpg>
File: ./theory/figure/5/hist_0.jpg Graphic file (type bmp)
<./theory/figure/5/hist_0.jpg>
File: ./theory/figure/5/hist_1.jpg Graphic file (type bmp)
<./theory/figure/5/hist_1.jpg>
File: ./theory/figure/5/hist_2.jpg Graphic file (type bmp)
<./theory/figure/5/hist_2.jpg>


LaTeX Warning: `h' float specifier changed to `ht'.

[4]
File: ./theory/figure/5/norm_hist_0.jpg Graphic file (type bmp)
<./theory/figure/5/norm_hist_0.jpg>
File: ./theory/figure/5/norm_hist_1.jpg Graphic file (type bmp)
<./theory/figure/5/norm_hist_1.jpg>
File: ./theory/figure/5/norm_hist_2.jpg Graphic file (type bmp)
<./theory/figure/5/norm_hist_2.jpg>
File: ./theory/figure/5/thre_norm_hist_0.jpg Graphic file (type bmp)
<./theory/figure/5/thre_norm_hist_0.jpg>
File: ./theory/figure/5/thre_norm_hist_1.jpg Graphic file (type bmp)
<./theory/figure/5/thre_norm_hist_1.jpg>
File: ./theory/figure/5/thre_norm_hist_2.jpg Graphic file (type bmp)
<./theory/figure/5/thre_norm_hist_2.jpg>


LaTeX Warning: `h' float specifier changed to `ht'.

File: ./theory/figure/5/binary_0.jpg Graphic file (type bmp)
<./theory/figure/5/binary_0.jpg>
File: ./theory/figure/5/binary_1.jpg Graphic file (type bmp)
<./theory/figure/5/binary_1.jpg>
File: ./theory/figure/5/binary_2.jpg Graphic file (type bmp)
<./theory/figure/5/binary_2.jpg>

LaTeX Warning: `h' float specifier changed to `ht'.

[5] [6]) [7]
\openout2 = `./experimental_setup/experimental_setup.aux'.

 (./experimental_setup/experimental_setup.tex
第3章
File: ./experimental_setup/figure/Using_PlannerTrap.png Graphic file (type bmp)

<./experimental_setup/figure/Using_PlannerTrap.png>
File: ./experimental_setup/figure/Optical_System.png Graphic file (type bmp)
<./experimental_setup/figure/Optical_System.png>

LaTeX Warning: `h' float specifier changed to `ht'.

[8




]
File: ./experimental_setup/figure/AllLaserXpos.jpg Graphic file (type bmp)
<./experimental_setup/figure/AllLaserXpos.jpg>
File: ./experimental_setup/figure/AllLaserYpos.jpg Graphic file (type bmp)
<./experimental_setup/figure/AllLaserYpos.jpg>


LaTeX Warning: `h' float specifier changed to `ht'.

[9] [10]
File: ./experimental_setup/figure/375GaussianFittingXpos.jpg Graphic file (type
 bmp)
<./experimental_setup/figure/375GaussianFittingXpos.jpg>
File: ./experimental_setup/figure/375GaussianFittingYpos.jpg Graphic file (type
 bmp)
<./experimental_setup/figure/375GaussianFittingYpos.jpg>
File: ./experimental_setup/figure/397GaussianFittingXpos.jpg Graphic file (type
 bmp)
<./experimental_setup/figure/397GaussianFittingXpos.jpg>
File: ./experimental_setup/figure/397GaussianFittingYpos.jpg Graphic file (type
 bmp)
<./experimental_setup/figure/397GaussianFittingYpos.jpg>
File: ./experimental_setup/figure/423GaussianFittingXpos.jpg Graphic file (type
 bmp)
<./experimental_setup/figure/423GaussianFittingXpos.jpg>
File: ./experimental_setup/figure/423GaussianFittingYpos.jpg Graphic file (type
 bmp)
<./experimental_setup/figure/423GaussianFittingYpos.jpg>
File: ./experimental_setup/figure/866GaussianFittingXpos.jpg Graphic file (type
 bmp)
<./experimental_setup/figure/866GaussianFittingXpos.jpg>
File: ./experimental_setup/figure/866GaussianFittingYpos.jpg Graphic file (type
 bmp)
<./experimental_setup/figure/866GaussianFittingYpos.jpg>
) [11

]
\openout2 = `./simulation/simulation.aux'.

 (./simulation/simulation.tex
第4章
File: ./simulation/figure/named_rect_electrode.png Graphic file (type bmp)
<./simulation/figure/named_rect_electrode.png>
File: ./simulation/figure/PlannarTrap_3D_z=0.png Graphic file (type bmp)
<./simulation/figure/PlannarTrap_3D_z=0.png>
File: ./simulation/figure/dc_potential_example.png Graphic file (type bmp)
<./simulation/figure/dc_potential_example.png>

LaTeX Warning: `h' float specifier changed to `ht'.


LaTeX Warning: `h' float specifier changed to `ht'.

[12




] [13]
File: ./simulation/figure/Single-well_Contour_xy@z=0.jpg Graphic file (type bmp
)
<./simulation/figure/Single-well_Contour_xy@z=0.jpg>
File: ./simulation/figure/single-well_zx.jpg Graphic file (type bmp)
<./simulation/figure/single-well_zx.jpg>
 [14

]
File: ./simulation/figure/rf_pseudopotential_R=075.jpg Graphic file (type bmp)
<./simulation/figure/rf_pseudopotential_R=075.jpg>
File: ./simulation/figure/rf_pseudopotential_R=080.jpg Graphic file (type bmp)
<./simulation/figure/rf_pseudopotential_R=080.jpg>
File: ./simulation/figure/rf_pseudopotential_R=090.jpg Graphic file (type bmp)
<./simulation/figure/rf_pseudopotential_R=090.jpg>
File: ./simulation/figure/rf_pseudopotential_R=092.jpg Graphic file (type bmp)
<./simulation/figure/rf_pseudopotential_R=092.jpg>
File: ./simulation/figure/rf_pseudopotential_R=095.jpg Graphic file (type bmp)
<./simulation/figure/rf_pseudopotential_R=095.jpg>
File: ./simulation/figure/rf_pseudopotential_R=100.jpg Graphic file (type bmp)
<./simulation/figure/rf_pseudopotential_R=100.jpg>
 [15

]
File: ./simulation/figure/Secular_pot_xy.jpg Graphic file (type bmp)
<./simulation/figure/Secular_pot_xy.jpg>
) [16

]
\openout2 = `./methods/methods.aux'.

 (./methods/methods.tex
第5章
File: ./methods/figure/in_laser.png Graphic file (type bmp)
<./methods/figure/in_laser.png>
[17




]
File: ./methods/figure/1D_wave.jpg Graphic file (type bmp)
<./methods/figure/1D_wave.jpg>
File: ./methods/figure/string.jpg Graphic file (type bmp)
<./methods/figure/string.jpg>

Overfull \hbox (9.71487pt too wide) in paragraph at lines 81--83
[][]\OT1/cmr/m/n/10 Image In-ten-si-fier(HAMAMATSU, C9016-02) \JY1/mc/m/n/10 と
汎用 \OT1/cmr/m/n/10 CCD \JY1/mc/m/n/10 カメラ \OT1/cmr/m/n/10 (THOR-LABS,DCC34
20M)
 []

[18

]
File: ./methods/figure/1_2D.jpg Graphic file (type bmp)
<./methods/figure/1_2D.jpg>
File: ./methods/figure/1_2D_wave.jpg Graphic file (type bmp)
<./methods/figure/1_2D_wave.jpg>
 [19

]
File: ./methods/figure/2_2D.jpg Graphic file (type bmp)
<./methods/figure/2_2D.jpg>
File: ./methods/figure/2_2D_wave.jpg Graphic file (type bmp)
<./methods/figure/2_2D_wave.jpg>
File: ./methods/figure/3_2D.jpg Graphic file (type bmp)
<./methods/figure/3_2D.jpg>
File: ./methods/figure/3_2D_wave.jpg Graphic file (type bmp)
<./methods/figure/3_2D_wave.jpg>
File: ./methods/figure/4_2D.jpg Graphic file (type bmp)
<./methods/figure/4_2D.jpg>
File: ./methods/figure/4_2D_wave.jpg Graphic file (type bmp)
<./methods/figure/4_2D_wave.jpg>


LaTeX Warning: `h' float specifier changed to `ht'.

[20

]
File: ./methods/figure/5_2D.jpg Graphic file (type bmp)
<./methods/figure/5_2D.jpg>
File: ./methods/figure/5_2D_wave.jpg Graphic file (type bmp)
<./methods/figure/5_2D_wave.jpg>
 [21]
File: ./methods/figure/SecularFreqMeasSetup.png Graphic file (type bmp)
<./methods/figure/SecularFreqMeasSetup.png>
File: ./methods/figure/off_resonance.jpg Graphic file (type bmp)
<./methods/figure/off_resonance.jpg>
File: ./methods/figure/resonance.jpg Graphic file (type bmp)
<./methods/figure/resonance.jpg>
 [22

]
File: ./methods/figure/PlotOf_resonance.png Graphic file (type bmp)
<./methods/figure/PlotOf_resonance.png>
File: ./methods/figure/fitting_result.jpg Graphic file (type bmp)
<./methods/figure/fitting_result.jpg>
 [23

]
File: ./methods/figure/raw_image.png Graphic file (type bmp)
<./methods/figure/raw_image.png>
File: ./methods/figure/rect_image.png Graphic file (type bmp)
<./methods/figure/rect_image.png>
File: ./methods/figure/out_image.png Graphic file (type bmp)
<./methods/figure/out_image.png>
) [24

]
\openout2 = `./results/results.aux'.

 (./results/results.tex
第6章
File: ./results/figure/displacement_End_Odd.png Graphic file (type bmp)
<./results/figure/displacement_End_Odd.png>
[25




]
File: ./results/figure/out_V13.jpg Graphic file (type bmp)
<./results/figure/out_V13.jpg>
File: ./results/figure/out_V24.jpg Graphic file (type bmp)
<./results/figure/out_V24.jpg>
 [26

]
File: ./results/figure/end13-SecFreq.jpg Graphic file (type bmp)
<./results/figure/end13-SecFreq.jpg>
File: ./results/figure/Vend13-SecFreqZ.jpg Graphic file (type bmp)
<./results/figure/Vend13-SecFreqZ.jpg>
 [27

]
File: ./results/figure/end24-SecFreq.jpg Graphic file (type bmp)
<./results/figure/end24-SecFreq.jpg>
File: ./results/figure/Vend24-SecFreqZ.jpg Graphic file (type bmp)
<./results/figure/Vend24-SecFreqZ.jpg>
 [28

]
File: ./results/figure/Vendodd-SecFreqZ_Vendeven.jpg Graphic file (type bmp)
<./results/figure/Vendodd-SecFreqZ_Vendeven.jpg>
File: ./results/figure/Vendodd_Vendeven-SecFreqZ_.jpg Graphic file (type bmp)
<./results/figure/Vendodd_Vendeven-SecFreqZ_.jpg>

Overfull \hbox (2.22221pt too wide) in paragraph at lines 98--112
[][][]$[]$[] []$[]$[] 
 []

File: ./results/figure/Normalized_Vendodd_Vendeven-SecFreqZ_.jpg Graphic file (
type bmp)
<./results/figure/Normalized_Vendodd_Vendeven-SecFreqZ_.jpg>
[29

]
File: ./results/figure/mid-SecFreq.jpg Graphic file (type bmp)
<./results/figure/mid-SecFreq.jpg>
File: ./results/figure/Vmid-SecFreqZ.jpg Graphic file (type bmp)
<./results/figure/Vmid-SecFreqZ.jpg>
 [30

]
File: ./results/figure/DC1_N1.jpg Graphic file (type bmp)
<./results/figure/DC1_N1.jpg>

Underfull \hbox (badness 2245) in paragraph at lines 164--164
 [][]\OT1/cmr/m/n/9 Figure 6.13 dc \JY1/mc/m/n/9 電圧セ ット 
 []

File: ./results/figure/DC1_N2.jpg Graphic file (type bmp)
<./results/figure/DC1_N2.jpg>

Underfull \hbox (badness 2245) in paragraph at lines 171--171
 [][]\OT1/cmr/m/n/9 Figure 6.14 dc \JY1/mc/m/n/9 電圧セ ット 
 []

File: ./results/figure/DC1_N3.jpg Graphic file (type bmp)
<./results/figure/DC1_N3.jpg>

Underfull \hbox (badness 2245) in paragraph at lines 178--178
 [][]\OT1/cmr/m/n/9 Figure 6.15 dc \JY1/mc/m/n/9 電圧セ ット 
 []

File: ./results/figure/DC1_N4.jpg Graphic file (type bmp)
<./results/figure/DC1_N4.jpg>

Underfull \hbox (badness 2245) in paragraph at lines 188--188
 [][]\OT1/cmr/m/n/9 Figure 6.16 dc \JY1/mc/m/n/9 電圧セ ット 
 []

File: ./results/figure/DC1_N5.jpg Graphic file (type bmp)
<./results/figure/DC1_N5.jpg>

Underfull \hbox (badness 2245) in paragraph at lines 195--195
 [][]\OT1/cmr/m/n/9 Figure 6.17 dc \JY1/mc/m/n/9 電圧セ ット 
 []

File: ./results/figure/DC1_N6.jpg Graphic file (type bmp)
<./results/figure/DC1_N6.jpg>

Underfull \hbox (badness 2245) in paragraph at lines 202--202
 [][]\OT1/cmr/m/n/9 Figure 6.18 dc \JY1/mc/m/n/9 電圧セ ット 
 []

File: ./results/figure/DC1_E.jpg Graphic file (type bmp)
<./results/figure/DC1_E.jpg>

LaTeX Warning: `h' float specifier changed to `ht'.

File: ./results/figure/DC2_E.jpg Graphic file (type bmp)
<./results/figure/DC2_E.jpg>

LaTeX Warning: `h' float specifier changed to `ht'.

File: ./results/figure/DC3_E.jpg Graphic file (type bmp)
<./results/figure/DC3_E.jpg>

LaTeX Warning: `h' float specifier changed to `ht'.

[31

] [32]
File: ./results/figure/COMP_DC3.jpg Graphic file (type bmp)
<./results/figure/COMP_DC3.jpg>
 [33

]
File: ./results/figure/2D_off_resonance.jpg Graphic file (type bmp)
<./results/figure/2D_off_resonance.jpg>
File: ./results/figure/2D_resonance.jpg Graphic file (type bmp)
<./results/figure/2D_resonance.jpg>

Overfull \hbox (2.22221pt too wide) in paragraph at lines 256--270
[][][]$[]$[] []$[]$[] 
 []

) [34

]
第7章
[35



]
第8章
[36

] [37


]

LaTeX Warning: Empty `thebibliography' environment on input line 45.

[38

] (./Bthetis.aux (./titlepage/titlepage.aux) (./intro/introduction.aux)
(./theory/theory.aux) (./experimental_setup/experimental_setup.aux)
(./simulation/simulation.aux) (./methods/methods.aux) (./results/results.aux)) 
)
(\end occurred inside a group at level 1)

### simple group (level 1) entered at line 282 ({)
### bottom level 
Here is how much of TeX's memory you used:
 3500 strings out of 478816
 68031 string characters out of 5863666
 367708 words of memory out of 5000000
 21661 multiletter control sequences out of 15000+600000
 429137 words of font info for 136 fonts, out of 8000000 for 9000
 934 hyphenation exceptions out of 8191
 60i,14n,65p,783b,567s stack positions out of 5000i,500n,10000p,200000b,80000s

Output written on Bthetis.dvi (44 pages, 100508 bytes).
