This is e-pTeX, Version 3.141592653-p3.9.0-210218-2.6 (utf8.sjis) (TeX Live 2021/W32TeX) (preloaded format=platex 2021.11.24)  15 JAN 2022 19:00
entering extended mode
 restricted \write18 enabled.
 Source specials enabled.
 %&-line parsing enabled.
**titlepage.tex
(./titlepage.tex
pLaTeX2e <2021-06-01>+2 (based on LaTeX2e <2021-11-15>)
L3 programming layer <2021-11-22>

! LaTeX Error: Environment titlepage undefined.

See the LaTeX manual or LaTeX Companion for explanation.
Type  H <return>  for immediate help.
 ...                                              
                                                  
l.1 \begin{titlepage}
                     
Your command was ignored.
Type  I <command> <return>  to replace it with another command,
or  <return>  to continue without it.


! LaTeX Error: Missing \begin{document}.

See the LaTeX manual or LaTeX Companion for explanation.
Type  H <return>  for immediate help.
 ...                                              
                                                  
l.2 ^^I\begin{center}
                     
You're in trouble here.  Try typing  <return>  to proceed.
If that doesn't work, type  X <return>  to quit.


Overfull \hbox (20.0pt too wide) in paragraph at lines 2--2
[][] 
 []

! Undefined control sequence.
l.3 ^^I^^I{\huge
                 \bf{特別研究報告}\par}
The control sequence at the end of the top line
of your error message was never \def'ed. If you have
misspelled it (e.g., `\hobx'), type `I' and the correct
spelling (e.g., `I\hbox'). Otherwise just continue,
and I'll forget about whatever was undefined.

! Undefined control sequence.
l.3 ^^I^^I{\huge \bf
                    {特別研究報告}\par}
The control sequence at the end of the top line
of your error message was never \def'ed. If you have
misspelled it (e.g., `\hobx'), type `I' and the correct
spelling (e.g., `I\hbox'). Otherwise just continue,
and I'll forget about whatever was undefined.


Overfull \hbox (9.62216pt too wide) in paragraph at lines 3--3
 []\JY1/mc/m/n/10 特 
 []


Overfull \hbox (9.62216pt too wide) in paragraph at lines 3--3
 \JY1/mc/m/n/10 別 
 []


Overfull \hbox (9.62216pt too wide) in paragraph at lines 3--3
 \JY1/mc/m/n/10 研 
 []


Overfull \hbox (9.62216pt too wide) in paragraph at lines 3--3
 \JY1/mc/m/n/10 究 
 []


Overfull \hbox (9.62216pt too wide) in paragraph at lines 3--3
 \JY1/mc/m/n/10 報 
 []


Overfull \hbox (9.62216pt too wide) in paragraph at lines 3--3
 \JY1/mc/m/n/10 告 
 []


! LaTeX Error: \begin{document} ended by \end{titlepage}.

See the LaTeX manual or LaTeX Companion for explanation.
Type  H <return>  for immediate help.
 ...                                              
                                                  
l.6 \end{titlepage}
                   
Your command was ignored.
Type  I <command> <return>  to replace it with another command,
or  <return>  to continue without it.

)
! Emergency stop.
<*> titlepage.tex
                 
*** (job aborted, no legal \end found)

 
Here is how much of TeX's memory you used:
 18 strings out of 478816
 349 string characters out of 5863666
 302228 words of memory out of 5000000
 18471 multiletter control sequences out of 15000+600000
 407301 words of font info for 44 fonts, out of 8000000 for 9000
 929 hyphenation exceptions out of 8191
 16i,1n,23p,77b,69s stack positions out of 5000i,500n,10000p,200000b,80000s
No pages of output.
