This is e-pTeX, Version 3.141592653-p3.9.0-210218-2.6 (utf8.sjis) (TeX Live 2021/W32TeX) (preloaded format=platex 2021.11.24)  29 DEC 2021 01:38
entering extended mode
 restricted \write18 enabled.
 Source specials enabled.
 %&-line parsing enabled.
**experimental_setup.tex
(./experimental_setup.tex
pLaTeX2e <2021-06-01>+2 (based on LaTeX2e <2021-11-15>)
L3 programming layer <2021-11-22>

! LaTeX Error: Missing \begin{document}.

See the LaTeX manual or LaTeX Companion for explanation.
Type  H <return>  for immediate help.
 ...                                              
                                                  
l.1 イ
      オントラップに使用するレーザーのビーム径とその強度をスリット走査型光ビ...

You're in trouble here.  Try typing  <return>  to proceed.
If that doesn't work, type  X <return>  to quit.

! Undefined control sequence.
l.2 まず，各レーザーの強度を表\Tb
                                 {AllLaserPower}に示す．
The control sequence at the end of the top line
of your error message was never \def'ed. If you have
misspelled it (e.g., `\hobx'), type `I' and the correct
spelling (e.g., `I\hbox'). Otherwise just continue,
and I'll forget about whatever was undefined.


Overfull \hbox (29.62216pt too wide) in paragraph at lines 1--3
[][]\JY1/mc/m/n/10 イ
 []


Overfull \hbox (9.62216pt too wide) in paragraph at lines 1--3
\JY1/mc/m/n/10 オ
 []


Overfull \hbox (9.62216pt too wide) in paragraph at lines 1--3
\JY1/mc/m/n/10 ン
 []


Overfull \hbox (9.62216pt too wide) in paragraph at lines 1--3
\JY1/mc/m/n/10 ト
 []


Overfull \hbox (9.62216pt too wide) in paragraph at lines 1--3
\JY1/mc/m/n/10 ラ
 []


Overfull \hbox (7.47433pt too wide) in paragraph at lines 1--3
\JY1/mc/m/n/10 ッ
 []


Overfull \hbox (9.62216pt too wide) in paragraph at lines 1--3
\JY1/mc/m/n/10 プ
 []


Overfull \hbox (9.62216pt too wide) in paragraph at lines 1--3
\JY1/mc/m/n/10 に
 []


Overfull \hbox (9.62216pt too wide) in paragraph at lines 1--3
\JY1/mc/m/n/10 使
 []


Overfull \hbox (9.62216pt too wide) in paragraph at lines 1--3
\JY1/mc/m/n/10 用
 []


Overfull \hbox (9.62216pt too wide) in paragraph at lines 1--3
\JY1/mc/m/n/10 す
 []


Overfull \hbox (9.62216pt too wide) in paragraph at lines 1--3
\JY1/mc/m/n/10 る
 []


Overfull \hbox (18.74432pt too wide) in paragraph at lines 1--3
\JY1/mc/m/n/10 レ ー
 []


Overfull \hbox (18.74432pt too wide) in paragraph at lines 1--3
\JY1/mc/m/n/10 ザ ー
 []


Overfull \hbox (9.62216pt too wide) in paragraph at lines 1--3
\JY1/mc/m/n/10 の
 []


Overfull \hbox (18.74432pt too wide) in paragraph at lines 1--3
\JY1/mc/m/n/10 ビ ー
 []


Overfull \hbox (9.62216pt too wide) in paragraph at lines 1--3
\JY1/mc/m/n/10 ム
 []


Overfull \hbox (9.62216pt too wide) in paragraph at lines 1--3
\JY1/mc/m/n/10 径
 []


Overfull \hbox (9.62216pt too wide) in paragraph at lines 1--3
\JY1/mc/m/n/10 と
 []


Overfull \hbox (9.62216pt too wide) in paragraph at lines 1--3
\JY1/mc/m/n/10 そ
 []


Overfull \hbox (9.62216pt too wide) in paragraph at lines 1--3
\JY1/mc/m/n/10 の
 []


Overfull \hbox (9.62216pt too wide) in paragraph at lines 1--3
\JY1/mc/m/n/10 強
 []


Overfull \hbox (9.62216pt too wide) in paragraph at lines 1--3
\JY1/mc/m/n/10 度
 []


Overfull \hbox (9.62216pt too wide) in paragraph at lines 1--3
\JY1/mc/m/n/10 を
 []


Overfull \hbox (9.62216pt too wide) in paragraph at lines 1--3
\JY1/mc/m/n/10 ス
 []


Overfull \hbox (9.62216pt too wide) in paragraph at lines 1--3
\JY1/mc/m/n/10 リ
 []


Overfull \hbox (7.47433pt too wide) in paragraph at lines 1--3
\JY1/mc/m/n/10 ッ
 []


Overfull \hbox (9.62216pt too wide) in paragraph at lines 1--3
\JY1/mc/m/n/10 ト
 []


Overfull \hbox (9.62216pt too wide) in paragraph at lines 1--3
\JY1/mc/m/n/10 走
 []


Overfull \hbox (9.62216pt too wide) in paragraph at lines 1--3
\JY1/mc/m/n/10 査
 []


Overfull \hbox (9.62216pt too wide) in paragraph at lines 1--3
\JY1/mc/m/n/10 型
 []


Overfull \hbox (9.62216pt too wide) in paragraph at lines 1--3
\JY1/mc/m/n/10 光
 []


Overfull \hbox (18.74432pt too wide) in paragraph at lines 1--3
\JY1/mc/m/n/10 ビ ー
 []


Overfull \hbox (9.62216pt too wide) in paragraph at lines 1--3
\JY1/mc/m/n/10 ム
 []


Overfull \hbox (9.62216pt too wide) in paragraph at lines 1--3
\JY1/mc/m/n/10 プ
 []


Overfull \hbox (9.62216pt too wide) in paragraph at lines 1--3
\JY1/mc/m/n/10 ロ
 []


Overfull \hbox (9.62216pt too wide) in paragraph at lines 1--3
\JY1/mc/m/n/10 フ
 []


Overfull \hbox (7.47433pt too wide) in paragraph at lines 1--3
\JY1/mc/m/n/10 ァ
 []


Overfull \hbox (9.62216pt too wide) in paragraph at lines 1--3
\JY1/mc/m/n/10 イ
 []


Overfull \hbox (9.62216pt too wide) in paragraph at lines 1--3
\JY1/mc/m/n/10 ラ
 []


Overfull \hbox (95.13911pt too wide) in paragraph at lines 1--3
\OT1/cmr/m/n/10 (THORLABS,BP209-
 []


Overfull \hbox (34.7223pt too wide) in paragraph at lines 1--3
\OT1/cmr/m/n/10 VIS/M)
 []


Overfull \hbox (9.62216pt too wide) in paragraph at lines 1--3
\JY1/mc/m/n/10 と
 []


Overfull \hbox (9.62216pt too wide) in paragraph at lines 1--3
\JY1/mc/m/n/10 デ
 []


Overfull \hbox (9.62216pt too wide) in paragraph at lines 1--3
\JY1/mc/m/n/10 ジ
 []


Overfull \hbox (9.62216pt too wide) in paragraph at lines 1--3
\JY1/mc/m/n/10 タ
 []


Overfull \hbox (9.62216pt too wide) in paragraph at lines 1--3
\JY1/mc/m/n/10 ル
 []


Overfull \hbox (9.62216pt too wide) in paragraph at lines 1--3
\JY1/mc/m/n/10 パ
 []


Overfull \hbox (18.74432pt too wide) in paragraph at lines 1--3
\JY1/mc/m/n/10 ワ ー
 []


Overfull \hbox (7.7778pt too wide) in paragraph at lines 1--3
\OT1/cmr/m/n/10 &
 []


Overfull \hbox (9.62216pt too wide) in paragraph at lines 1--3
\JY1/mc/m/n/10 エ
 []


Overfull \hbox (9.62216pt too wide) in paragraph at lines 1--3
\JY1/mc/m/n/10 ネ
 []


Overfull \hbox (9.62216pt too wide) in paragraph at lines 1--3
\JY1/mc/m/n/10 ル
 []


Overfull \hbox (18.74432pt too wide) in paragraph at lines 1--3
\JY1/mc/m/n/10 ギ ー
 []


Overfull \hbox (18.74432pt too wide) in paragraph at lines 1--3
\JY1/mc/m/n/10 メ ー
 []


Overfull \hbox (9.62216pt too wide) in paragraph at lines 1--3
\JY1/mc/m/n/10 タ
 []


Overfull \hbox (37.08339pt too wide) in paragraph at lines 1--3
\OT1/cmr/m/n/10 (THOR-
 []


Overfull \hbox (71.66685pt too wide) in paragraph at lines 1--3
\OT1/cmr/m/n/10 LABS,PM100D)
 []


Overfull \hbox (9.62216pt too wide) in paragraph at lines 1--3
\JY1/mc/m/n/10 を
 []


Overfull \hbox (9.62216pt too wide) in paragraph at lines 1--3
\JY1/mc/m/n/10 用
 []


Overfull \hbox (9.62216pt too wide) in paragraph at lines 1--3
\JY1/mc/m/n/10 い
 []


Overfull \hbox (9.62216pt too wide) in paragraph at lines 1--3
\JY1/mc/m/n/10 て
 []


Overfull \hbox (9.62216pt too wide) in paragraph at lines 1--3
\JY1/mc/m/n/10 計
 []


Overfull \hbox (9.62216pt too wide) in paragraph at lines 1--3
\JY1/mc/m/n/10 測
 []


Overfull \hbox (9.62216pt too wide) in paragraph at lines 1--3
\JY1/mc/m/n/10 を
 []


Overfull \hbox (9.62216pt too wide) in paragraph at lines 1--3
\JY1/mc/m/n/10 行
 []


Overfull \hbox (7.47433pt too wide) in paragraph at lines 1--3
\JY1/mc/m/n/10 っ
 []


Overfull \hbox (12.65881pt too wide) in paragraph at lines 1--3
\JY1/mc/m/n/10 た ．
 []


Overfull \hbox (9.62216pt too wide) in paragraph at lines 1--3
\JY1/mc/m/n/10 ま
 []


Overfull \hbox (12.67767pt too wide) in paragraph at lines 1--3
\JY1/mc/m/n/10 ず，
 []


Overfull \hbox (9.62216pt too wide) in paragraph at lines 1--3
\JY1/mc/m/n/10 各
 []


Overfull \hbox (18.74432pt too wide) in paragraph at lines 1--3
\JY1/mc/m/n/10 レ ー
 []


Overfull \hbox (18.74432pt too wide) in paragraph at lines 1--3
\JY1/mc/m/n/10 ザ ー
 []


Overfull \hbox (9.62216pt too wide) in paragraph at lines 1--3
\JY1/mc/m/n/10 の
 []


Overfull \hbox (9.62216pt too wide) in paragraph at lines 1--3
\JY1/mc/m/n/10 強
 []


Overfull \hbox (9.62216pt too wide) in paragraph at lines 1--3
\JY1/mc/m/n/10 度
 []


Overfull \hbox (9.62216pt too wide) in paragraph at lines 1--3
\JY1/mc/m/n/10 を
 []


Overfull \hbox (9.62216pt too wide) in paragraph at lines 1--3
\JY1/mc/m/n/10 表
 []


Overfull \hbox (13.61113pt too wide) in paragraph at lines 1--3
\OT1/cmr/m/n/10 Al-
 []


Overfull \hbox (6.11111pt too wide) in paragraph at lines 1--3
\OT1/cmr/m/n/10 l-
 []


Overfull \hbox (26.88892pt too wide) in paragraph at lines 1--3
\OT1/cmr/m/n/10 Laser-
 []


Overfull \hbox (26.55557pt too wide) in paragraph at lines 1--3
\OT1/cmr/m/n/10 Power
 []


Overfull \hbox (9.62216pt too wide) in paragraph at lines 1--3
\JY1/mc/m/n/10 に
 []


Overfull \hbox (9.62216pt too wide) in paragraph at lines 1--3
\JY1/mc/m/n/10 示
 []


Overfull \hbox (12.67767pt too wide) in paragraph at lines 1--3
\JY1/mc/m/n/10 す． 
 []


! LaTeX Error: Environment table undefined.

See the LaTeX manual or LaTeX Companion for explanation.
Type  H <return>  for immediate help.
 ...                                              
                                                  
l.4 \begin{table}
                 [h]
Your command was ignored.
Type  I <command> <return>  to replace it with another command,
or  <return>  to continue without it.


! LaTeX Error: Missing \begin{document}.

See the LaTeX manual or LaTeX Companion for explanation.
Type  H <return>  for immediate help.
 ...                                              
                                                  
l.4 \begin{table}[
                  h]
You're in trouble here.  Try typing  <return>  to proceed.
If that doesn't work, type  X <return>  to quit.


Overfull \hbox (31.11115pt too wide) in paragraph at lines 4--5
[][]\OT1/cmr/m/n/10 [h] 
 []


! LaTeX Error: \caption outside float.

See the LaTeX manual or LaTeX Companion for explanation.
Type  H <return>  for immediate help.
 ...                                              
                                                  
l.6 ^^I^^I\caption
                  {各レーザーのパワー一覧表}
You're in trouble here.  Try typing  <return>  to proceed.
If that doesn't work, type  X <return>  to quit.

LaTeX Font Info:    External font `cmex10' loaded for size
(Font)              <7> on input line 8.
LaTeX Font Info:    External font `cmex10' loaded for size
(Font)              <5> on input line 8.

Overfull \hbox (9.62216pt too wide) in paragraph at lines 6--12
 []\JY1/mc/m/n/10 各 
 []


Overfull \hbox (18.74432pt too wide) in paragraph at lines 6--12
 \JY1/mc/m/n/10 レ ー 
 []


Overfull \hbox (18.74432pt too wide) in paragraph at lines 6--12
 \JY1/mc/m/n/10 ザ ー 
 []


Overfull \hbox (9.62216pt too wide) in paragraph at lines 6--12
 \JY1/mc/m/n/10 の 
 []


Overfull \hbox (9.62216pt too wide) in paragraph at lines 6--12
 \JY1/mc/m/n/10 パ 
 []


Overfull \hbox (18.74432pt too wide) in paragraph at lines 6--12
 \JY1/mc/m/n/10 ワ ー 
 []


Overfull \hbox (9.62216pt too wide) in paragraph at lines 6--12
 \JY1/mc/m/n/10 一 
 []


Overfull \hbox (9.62216pt too wide) in paragraph at lines 6--12
 \JY1/mc/m/n/10 覧 
 []


Overfull \hbox (9.62216pt too wide) in paragraph at lines 6--12
 \JY1/mc/m/n/10 表[] 
 []


Overfull \hbox (157.91103pt too wide) in paragraph at lines 6--12
 [][][] 
 []


! LaTeX Error: \begin{document} ended by \end{table}.

See the LaTeX manual or LaTeX Companion for explanation.
Type  H <return>  for immediate help.
 ...                                              
                                                  
l.13 \end{table}
                
Your command was ignored.
Type  I <command> <return>  to replace it with another command,
or  <return>  to continue without it.

! Undefined control sequence.
l.15 次に，ビーム径の計測結果を\Fig
                                   {AllLaserProfile}に示す．
The control sequence at the end of the top line
of your error message was never \def'ed. If you have
misspelled it (e.g., `\hobx'), type `I' and the correct
spelling (e.g., `I\hbox'). Otherwise just continue,
and I'll forget about whatever was undefined.


Overfull \hbox (29.62216pt too wide) in paragraph at lines 15--16
[][]\JY1/mc/m/n/10 次
 []


Overfull \hbox (12.65881pt too wide) in paragraph at lines 15--16
\JY1/mc/m/n/10 に ，
 []


Overfull \hbox (18.74432pt too wide) in paragraph at lines 15--16
\JY1/mc/m/n/10 ビ ー
 []


Overfull \hbox (9.62216pt too wide) in paragraph at lines 15--16
\JY1/mc/m/n/10 ム
 []


Overfull \hbox (9.62216pt too wide) in paragraph at lines 15--16
\JY1/mc/m/n/10 径
 []


Overfull \hbox (9.62216pt too wide) in paragraph at lines 15--16
\JY1/mc/m/n/10 の
 []


Overfull \hbox (9.62216pt too wide) in paragraph at lines 15--16
\JY1/mc/m/n/10 計
 []


Overfull \hbox (9.62216pt too wide) in paragraph at lines 15--16
\JY1/mc/m/n/10 測
 []


Overfull \hbox (9.62216pt too wide) in paragraph at lines 15--16
\JY1/mc/m/n/10 結
 []


Overfull \hbox (9.62216pt too wide) in paragraph at lines 15--16
\JY1/mc/m/n/10 果
 []


Overfull \hbox (9.62216pt too wide) in paragraph at lines 15--16
\JY1/mc/m/n/10 を
 []


Overfull \hbox (13.61113pt too wide) in paragraph at lines 15--16
\OT1/cmr/m/n/10 Al-
 []


Overfull \hbox (6.11111pt too wide) in paragraph at lines 15--16
\OT1/cmr/m/n/10 l-
 []


Overfull \hbox (26.88892pt too wide) in paragraph at lines 15--16
\OT1/cmr/m/n/10 Laser-
 []


Overfull \hbox (19.05559pt too wide) in paragraph at lines 15--16
\OT1/cmr/m/n/10 Pro-
 []


Overfull \hbox (12.7778pt too wide) in paragraph at lines 15--16
\OT1/cmr/m/n/10 file
 []


Overfull \hbox (9.62216pt too wide) in paragraph at lines 15--16
\JY1/mc/m/n/10 に
 []


Overfull \hbox (9.62216pt too wide) in paragraph at lines 15--16
\JY1/mc/m/n/10 示
 []


Overfull \hbox (12.67767pt too wide) in paragraph at lines 15--16
\JY1/mc/m/n/10 す． 
 []


Underfull \vbox (badness 2460) has occurred while \output is active []



! LaTeX Error: The font size command \normalsize is not defined:
               there is probably something wrong with the class file.

See the LaTeX manual or LaTeX Companion for explanation.
Type  H <return>  for immediate help.
 ...                                              
                                                  
l.16 
     
Your command was ignored.
Type  I <command> <return>  to replace it with another command,
or  <return>  to continue without it.

[1
! Undefined control sequence.
<write> \newlabel{tab:AllLaserPower}{{}{\thepage 
                                                 }}
l.16 
     
The control sequence at the end of the top line
of your error message was never \def'ed. If you have
misspelled it (e.g., `\hobx'), type `I' and the correct
spelling (e.g., `I\hbox'). Otherwise just continue,
and I'll forget about whatever was undefined.

\newlabel{tab:AllLaserPower}{{}{}}
]

! LaTeX Error: Environment figure undefined.

See the LaTeX manual or LaTeX Companion for explanation.
Type  H <return>  for immediate help.
 ...                                              
                                                  
l.17 \begin{figure}
                   [h]
Your command was ignored.
Type  I <command> <return>  to replace it with another command,
or  <return>  to continue without it.

! Undefined control sequence.
l.20 ^^I^^I\includegraphics
                           [scale = .3]{AllLaserXpos.jpg}
The control sequence at the end of the top line
of your error message was never \def'ed. If you have
misspelled it (e.g., `\hobx'), type `I' and the correct
spelling (e.g., `I\hbox'). Otherwise just continue,
and I'll forget about whatever was undefined.


Overfull \hbox (23.38892pt too wide) in paragraph at lines 20--21
 []\OT1/cmr/m/n/10 [scale 
 []


Overfull \hbox (7.7778pt too wide) in paragraph at lines 20--21
 \OT1/cmr/m/n/10 = 
 []


Overfull \hbox (24.16672pt too wide) in paragraph at lines 20--21
 \OT1/cmr/m/n/10 .3]Al- 
 []


Overfull \hbox (6.11111pt too wide) in paragraph at lines 20--21
 \OT1/cmr/m/n/10 l- 
 []


Overfull \hbox (34.38893pt too wide) in paragraph at lines 20--21
 \OT1/cmr/m/n/10 LaserX- 
 []


Overfull \hbox (31.16676pt too wide) in paragraph at lines 20--21
 \OT1/cmr/m/n/10 pos.jpg 
 []

! Undefined control sequence.
l.25 ^^I^^I\includegraphics
                           [scale = .3]{AllLaserYpos.jpg}
The control sequence at the end of the top line
of your error message was never \def'ed. If you have
misspelled it (e.g., `\hobx'), type `I' and the correct
spelling (e.g., `I\hbox'). Otherwise just continue,
and I'll forget about whatever was undefined.


Overfull \hbox (23.38892pt too wide) in paragraph at lines 25--26
 []\OT1/cmr/m/n/10 [scale 
 []


Overfull \hbox (7.7778pt too wide) in paragraph at lines 25--26
 \OT1/cmr/m/n/10 = 
 []


Overfull \hbox (24.16672pt too wide) in paragraph at lines 25--26
 \OT1/cmr/m/n/10 .3]Al- 
 []


Overfull \hbox (6.11111pt too wide) in paragraph at lines 25--26
 \OT1/cmr/m/n/10 l- 
 []


Overfull \hbox (34.38893pt too wide) in paragraph at lines 25--26
 \OT1/cmr/m/n/10 LaserY- 
 []


Overfull \hbox (31.16676pt too wide) in paragraph at lines 25--26
 \OT1/cmr/m/n/10 pos.jpg 
 []


! LaTeX Error: \caption outside float.

See the LaTeX manual or LaTeX Companion for explanation.
Type  H <return>  for immediate help.
 ...                                              
                                                  
l.28 ^^I\caption
                {4種類のレーザーそれぞれの，x,y方向についてのビームプロファ...
You're in trouble here.  Try typing  <return>  to proceed.
If that doesn't work, type  X <return>  to quit.


! LaTeX Error: \begin{document} ended by \end{figure}.

See the LaTeX manual or LaTeX Companion for explanation.
Type  H <return>  for immediate help.
 ...                                              
                                                  
l.30 \end{figure}
                 
Your command was ignored.
Type  I <command> <return>  to replace it with another command,
or  <return>  to continue without it.


Overfull \hbox (31.11115pt too wide) in paragraph at lines 17--31
[][]\OT1/cmr/m/n/10 [h]
 []


Overfull \hbox (5.00002pt too wide) in paragraph at lines 17--31
\OT1/cmr/m/n/10 4
 []


Overfull \hbox (9.62216pt too wide) in paragraph at lines 17--31
\JY1/mc/m/n/10 種
 []


Overfull \hbox (9.62216pt too wide) in paragraph at lines 17--31
\JY1/mc/m/n/10 類
 []


Overfull \hbox (9.62216pt too wide) in paragraph at lines 17--31
\JY1/mc/m/n/10 の
 []


Overfull \hbox (18.74432pt too wide) in paragraph at lines 17--31
\JY1/mc/m/n/10 レ ー
 []


Overfull \hbox (18.74432pt too wide) in paragraph at lines 17--31
\JY1/mc/m/n/10 ザ ー
 []


Overfull \hbox (9.62216pt too wide) in paragraph at lines 17--31
\JY1/mc/m/n/10 そ
 []


Overfull \hbox (9.62216pt too wide) in paragraph at lines 17--31
\JY1/mc/m/n/10 れ
 []


Overfull \hbox (9.62216pt too wide) in paragraph at lines 17--31
\JY1/mc/m/n/10 ぞ
 []


Overfull \hbox (9.62216pt too wide) in paragraph at lines 17--31
\JY1/mc/m/n/10 れ
 []


Overfull \hbox (12.65881pt too wide) in paragraph at lines 17--31
\JY1/mc/m/n/10 の ，
 []


Overfull \hbox (13.33339pt too wide) in paragraph at lines 17--31
\OT1/cmr/m/n/10 x,y
 []


Overfull \hbox (9.62216pt too wide) in paragraph at lines 17--31
\JY1/mc/m/n/10 方
 []


Overfull \hbox (9.62216pt too wide) in paragraph at lines 17--31
\JY1/mc/m/n/10 向
 []


Overfull \hbox (9.62216pt too wide) in paragraph at lines 17--31
\JY1/mc/m/n/10 に
 []


Overfull \hbox (9.62216pt too wide) in paragraph at lines 17--31
\JY1/mc/m/n/10 つ
 []


Overfull \hbox (9.62216pt too wide) in paragraph at lines 17--31
\JY1/mc/m/n/10 い
 []


Overfull \hbox (9.62216pt too wide) in paragraph at lines 17--31
\JY1/mc/m/n/10 て
 []


Overfull \hbox (9.62216pt too wide) in paragraph at lines 17--31
\JY1/mc/m/n/10 の
 []


Overfull \hbox (18.74432pt too wide) in paragraph at lines 17--31
\JY1/mc/m/n/10 ビ ー
 []


Overfull \hbox (9.62216pt too wide) in paragraph at lines 17--31
\JY1/mc/m/n/10 ム
 []


Overfull \hbox (9.62216pt too wide) in paragraph at lines 17--31
\JY1/mc/m/n/10 プ
 []


Overfull \hbox (9.62216pt too wide) in paragraph at lines 17--31
\JY1/mc/m/n/10 ロ
 []


Overfull \hbox (9.62216pt too wide) in paragraph at lines 17--31
\JY1/mc/m/n/10 フ
 []


Overfull \hbox (7.47433pt too wide) in paragraph at lines 17--31
\JY1/mc/m/n/10 ァ
 []


Overfull \hbox (9.62216pt too wide) in paragraph at lines 17--31
\JY1/mc/m/n/10 イ
 []


Overfull \hbox (9.62216pt too wide) in paragraph at lines 17--31
\JY1/mc/m/n/10 ル
 []


Overfull \hbox (9.62216pt too wide) in paragraph at lines 17--31
\JY1/mc/m/n/10 結
 []


Overfull \hbox (9.62216pt too wide) in paragraph at lines 17--31
\JY1/mc/m/n/10 果[]
 []

! Undefined control sequence.
l.32 ...アンによるフィッティングを行った様子を\Fig
                                                  {GaussianFitting}に示し，...
The control sequence at the end of the top line
of your error message was never \def'ed. If you have
misspelled it (e.g., `\hobx'), type `I' and the correct
spelling (e.g., `I\hbox'). Otherwise just continue,
and I'll forget about whatever was undefined.

! Undefined control sequence.
l.32 ...\Fig{GaussianFitting}に示し，その結果を\Tb
                                                  {GaussianFitting}にまとめ...
The control sequence at the end of the top line
of your error message was never \def'ed. If you have
misspelled it (e.g., `\hobx'), type `I' and the correct
spelling (e.g., `I\hbox'). Otherwise just continue,
and I'll forget about whatever was undefined.


Overfull \hbox (29.62216pt too wide) in paragraph at lines 32--33
[][]\JY1/mc/m/n/10 そ
 []


Overfull \hbox (9.62216pt too wide) in paragraph at lines 32--33
\JY1/mc/m/n/10 し
 []


Overfull \hbox (12.65881pt too wide) in paragraph at lines 32--33
\JY1/mc/m/n/10 て ，
 []


Overfull \hbox (9.62216pt too wide) in paragraph at lines 32--33
\JY1/mc/m/n/10 得
 []


Overfull \hbox (9.62216pt too wide) in paragraph at lines 32--33
\JY1/mc/m/n/10 ら
 []


Overfull \hbox (9.62216pt too wide) in paragraph at lines 32--33
\JY1/mc/m/n/10 れ
 []


Overfull \hbox (9.62216pt too wide) in paragraph at lines 32--33
\JY1/mc/m/n/10 た
 []


Overfull \hbox (18.74432pt too wide) in paragraph at lines 32--33
\JY1/mc/m/n/10 ビ ー
 []


Overfull \hbox (9.62216pt too wide) in paragraph at lines 32--33
\JY1/mc/m/n/10 ム
 []


Overfull \hbox (9.62216pt too wide) in paragraph at lines 32--33
\JY1/mc/m/n/10 プ
 []


Overfull \hbox (9.62216pt too wide) in paragraph at lines 32--33
\JY1/mc/m/n/10 ロ
 []


Overfull \hbox (9.62216pt too wide) in paragraph at lines 32--33
\JY1/mc/m/n/10 フ
 []


Overfull \hbox (7.47433pt too wide) in paragraph at lines 32--33
\JY1/mc/m/n/10 ァ
 []


Overfull \hbox (9.62216pt too wide) in paragraph at lines 32--33
\JY1/mc/m/n/10 イ
 []


Overfull \hbox (9.62216pt too wide) in paragraph at lines 32--33
\JY1/mc/m/n/10 ル
 []


Overfull \hbox (9.62216pt too wide) in paragraph at lines 32--33
\JY1/mc/m/n/10 に
 []


Overfull \hbox (9.62216pt too wide) in paragraph at lines 32--33
\JY1/mc/m/n/10 ガ
 []


Overfull \hbox (9.62216pt too wide) in paragraph at lines 32--33
\JY1/mc/m/n/10 ウ
 []


Overfull \hbox (9.62216pt too wide) in paragraph at lines 32--33
\JY1/mc/m/n/10 シ
 []


Overfull \hbox (9.62216pt too wide) in paragraph at lines 32--33
\JY1/mc/m/n/10 ア
 []


Overfull \hbox (9.62216pt too wide) in paragraph at lines 32--33
\JY1/mc/m/n/10 ン
 []


Overfull \hbox (9.62216pt too wide) in paragraph at lines 32--33
\JY1/mc/m/n/10 に
 []


Overfull \hbox (9.62216pt too wide) in paragraph at lines 32--33
\JY1/mc/m/n/10 よ
 []


Overfull \hbox (9.62216pt too wide) in paragraph at lines 32--33
\JY1/mc/m/n/10 る
 []


Overfull \hbox (9.62216pt too wide) in paragraph at lines 32--33
\JY1/mc/m/n/10 フ
 []


Overfull \hbox (7.47433pt too wide) in paragraph at lines 32--33
\JY1/mc/m/n/10 ィ
 []


Overfull \hbox (7.47433pt too wide) in paragraph at lines 32--33
\JY1/mc/m/n/10 ッ
 []


Overfull \hbox (9.62216pt too wide) in paragraph at lines 32--33
\JY1/mc/m/n/10 テ
 []


Overfull \hbox (7.47433pt too wide) in paragraph at lines 32--33
\JY1/mc/m/n/10 ィ
 []


Overfull \hbox (9.62216pt too wide) in paragraph at lines 32--33
\JY1/mc/m/n/10 ン
 []


Overfull \hbox (9.62216pt too wide) in paragraph at lines 32--33
\JY1/mc/m/n/10 グ
 []


Overfull \hbox (9.62216pt too wide) in paragraph at lines 32--33
\JY1/mc/m/n/10 を
 []


Overfull \hbox (9.62216pt too wide) in paragraph at lines 32--33
\JY1/mc/m/n/10 行
 []


Overfull \hbox (7.47433pt too wide) in paragraph at lines 32--33
\JY1/mc/m/n/10 っ
 []


Overfull \hbox (9.62216pt too wide) in paragraph at lines 32--33
\JY1/mc/m/n/10 た
 []


Overfull \hbox (9.62216pt too wide) in paragraph at lines 32--33
\JY1/mc/m/n/10 様
 []


Overfull \hbox (9.62216pt too wide) in paragraph at lines 32--33
\JY1/mc/m/n/10 子
 []


Overfull \hbox (9.62216pt too wide) in paragraph at lines 32--33
\JY1/mc/m/n/10 を
 []


Overfull \hbox (25.68059pt too wide) in paragraph at lines 32--33
\OT1/cmr/m/n/10 Gaus-
 []


Overfull \hbox (20.61115pt too wide) in paragraph at lines 32--33
\OT1/cmr/m/n/10 sian-
 []


Overfull \hbox (16.52782pt too wide) in paragraph at lines 32--33
\OT1/cmr/m/n/10 Fit-
 []


Overfull \hbox (17.22227pt too wide) in paragraph at lines 32--33
\OT1/cmr/m/n/10 ting
 []


Overfull \hbox (9.62216pt too wide) in paragraph at lines 32--33
\JY1/mc/m/n/10 に
 []


Overfull \hbox (9.62216pt too wide) in paragraph at lines 32--33
\JY1/mc/m/n/10 示
 []


Overfull \hbox (12.65881pt too wide) in paragraph at lines 32--33
\JY1/mc/m/n/10 し ，
 []


Overfull \hbox (9.62216pt too wide) in paragraph at lines 32--33
\JY1/mc/m/n/10 そ
 []


Overfull \hbox (9.62216pt too wide) in paragraph at lines 32--33
\JY1/mc/m/n/10 の
 []


Overfull \hbox (9.62216pt too wide) in paragraph at lines 32--33
\JY1/mc/m/n/10 結
 []


Overfull \hbox (9.62216pt too wide) in paragraph at lines 32--33
\JY1/mc/m/n/10 果
 []


Overfull \hbox (9.62216pt too wide) in paragraph at lines 32--33
\JY1/mc/m/n/10 を
 []


Overfull \hbox (25.68059pt too wide) in paragraph at lines 32--33
\OT1/cmr/m/n/10 Gaus-
 []


Overfull \hbox (20.61115pt too wide) in paragraph at lines 32--33
\OT1/cmr/m/n/10 sian-
 []


Overfull \hbox (16.52782pt too wide) in paragraph at lines 32--33
\OT1/cmr/m/n/10 Fit-
 []


Overfull \hbox (17.22227pt too wide) in paragraph at lines 32--33
\OT1/cmr/m/n/10 ting
 []


Overfull \hbox (9.62216pt too wide) in paragraph at lines 32--33
\JY1/mc/m/n/10 に
 []


Overfull \hbox (9.62216pt too wide) in paragraph at lines 32--33
\JY1/mc/m/n/10 ま
 []


Overfull \hbox (9.62216pt too wide) in paragraph at lines 32--33
\JY1/mc/m/n/10 と
 []


Overfull \hbox (9.62216pt too wide) in paragraph at lines 32--33
\JY1/mc/m/n/10 め
 []


Overfull \hbox (9.62216pt too wide) in paragraph at lines 32--33
\JY1/mc/m/n/10 て
 []


Overfull \hbox (9.62216pt too wide) in paragraph at lines 32--33
\JY1/mc/m/n/10 い
 []


Overfull \hbox (12.65881pt too wide) in paragraph at lines 32--33
\JY1/mc/m/n/10 る ． 
 []


! LaTeX Error: The font size command \normalsize is not defined:
               there is probably something wrong with the class file.

See the LaTeX manual or LaTeX Companion for explanation.
Type  H <return>  for immediate help.
 ...                                              
                                                  
l.34 \clearpage
               
Your command was ignored.
Type  I <command> <return>  to replace it with another command,
or  <return>  to continue without it.

[2
! Undefined control sequence.
<write> ...l{fig:AllLaserBeamProfile}{{}{\thepage 
                                                  }}
l.34 \clearpage
               
The control sequence at the end of the top line
of your error message was never \def'ed. If you have
misspelled it (e.g., `\hobx'), type `I' and the correct
spelling (e.g., `I\hbox'). Otherwise just continue,
and I'll forget about whatever was undefined.

\newlabel{fig:AllLaserBeamProfile}{{}{}}
])
! Emergency stop.
<*> experimental_setup.tex
                          
*** (job aborted, no legal \end found)

 
Here is how much of TeX's memory you used:
 22 strings out of 478816
 440 string characters out of 5863666
 310010 words of memory out of 5000000
 18474 multiletter control sequences out of 15000+600000
 407301 words of font info for 44 fonts, out of 8000000 for 9000
 929 hyphenation exceptions out of 8191
 24i,7n,25p,240b,146s stack positions out of 5000i,500n,10000p,200000b,80000s
Output written on experimental_setup.dvi (2 pages, 2392 bytes).
